Release 14.6 - xst P.68d (lin64)
Copyright (c) 1995-2013 Xilinx, Inc.  All rights reserved.
--> 
Parameter TMPDIR set to xst/projnav.tmp


Total REAL time to Xst completion: 0.00 secs
Total CPU time to Xst completion: 0.07 secs
 
--> 
Parameter xsthdpdir set to xst


Total REAL time to Xst completion: 0.00 secs
Total CPU time to Xst completion: 0.07 secs
 
--> 
Reading design: alu4.prj

TABLE OF CONTENTS
  1) Synthesis Options Summary
  2) HDL Compilation
  3) Design Hierarchy Analysis
  4) HDL Analysis
  5) HDL Synthesis
     5.1) HDL Synthesis Report
  6) Advanced HDL Synthesis
     6.1) Advanced HDL Synthesis Report
  7) Low Level Synthesis
  8) Partition Report
  9) Final Report
	9.1) Device utilization summary
	9.2) Partition Resource Summary
	9.3) TIMING REPORT


=========================================================================
*                      Synthesis Options Summary                        *
=========================================================================
---- Source Parameters
Input File Name                    : "alu4.prj"
Input Format                       : mixed
Ignore Synthesis Constraint File   : NO

---- Target Parameters
Output File Name                   : "alu4"
Output Format                      : NGC
Target Device                      : xc3s500e-4-fg320

---- Source Options
Top Module Name                    : alu4
Automatic FSM Extraction           : YES
FSM Encoding Algorithm             : Auto
Safe Implementation                : No
FSM Style                          : LUT
RAM Extraction                     : Yes
RAM Style                          : Auto
ROM Extraction                     : Yes
Mux Style                          : Auto
Decoder Extraction                 : YES
Priority Encoder Extraction        : Yes
Shift Register Extraction          : YES
Logical Shifter Extraction         : YES
XOR Collapsing                     : YES
ROM Style                          : Auto
Mux Extraction                     : Yes
Resource Sharing                   : YES
Asynchronous To Synchronous        : NO
Multiplier Style                   : Auto
Automatic Register Balancing       : No

---- Target Options
Add IO Buffers                     : YES
Global Maximum Fanout              : 100000
Add Generic Clock Buffer(BUFG)     : 24
Register Duplication               : YES
Slice Packing                      : YES
Optimize Instantiated Primitives   : NO
Use Clock Enable                   : Yes
Use Synchronous Set                : Yes
Use Synchronous Reset              : Yes
Pack IO Registers into IOBs        : Auto
Equivalent register Removal        : YES

---- General Options
Optimization Goal                  : Speed
Optimization Effort                : 1
Keep Hierarchy                     : No
Netlist Hierarchy                  : As_Optimized
RTL Output                         : Yes
Global Optimization                : AllClockNets
Read Cores                         : YES
Write Timing Constraints           : NO
Cross Clock Analysis               : NO
Hierarchy Separator                : /
Bus Delimiter                      : <>
Case Specifier                     : Maintain
Slice Utilization Ratio            : 100
BRAM Utilization Ratio             : 100
Verilog 2001                       : YES
Auto BRAM Packing                  : NO
Slice Utilization Ratio Delta      : 5

=========================================================================


=========================================================================
*                          HDL Compilation                              *
=========================================================================
Compiling vhdl file "/vol/fob-vol7/mi18/heinetom/dslab/alu4/alu1generate.vhd" in Library work.
Architecture behavioral of Entity alu1generate is up to date.
Compiling vhdl file "/vol/fob-vol7/mi18/heinetom/dslab/alu4/alu1propagate.vhd" in Library work.
Architecture behavioral of Entity alu1propagate is up to date.
Compiling vhdl file "/vol/fob-vol7/mi18/heinetom/dslab/alu4/alu1.vhd" in Library work.
Architecture behavioral of Entity alu1 is up to date.
Compiling vhdl file "/vol/fob-vol7/mi18/heinetom/dslab/alu4/alu4.vhd" in Library work.
Entity <alu4> compiled.
Entity <alu4> (Architecture <behavioral>) compiled.

=========================================================================
*                     Design Hierarchy Analysis                         *
=========================================================================
Analyzing hierarchy for entity <alu4> in library <work> (architecture <behavioral>) with generics.
	bits = 4

Analyzing hierarchy for entity <alu1> in library <work> (architecture <behavioral>).

Analyzing hierarchy for entity <alu1generate> in library <work> (architecture <behavioral>).

Analyzing hierarchy for entity <alu1propagate> in library <work> (architecture <behavioral>).


=========================================================================
*                            HDL Analysis                               *
=========================================================================
Analyzing generic Entity <alu4> in library <work> (Architecture <behavioral>).
	bits = 4
Entity <alu4> analyzed. Unit <alu4> generated.

Analyzing Entity <alu1> in library <work> (Architecture <behavioral>).
Entity <alu1> analyzed. Unit <alu1> generated.

Analyzing Entity <alu1generate> in library <work> (Architecture <behavioral>).
Entity <alu1generate> analyzed. Unit <alu1generate> generated.

Analyzing Entity <alu1propagate> in library <work> (Architecture <behavioral>).
Entity <alu1propagate> analyzed. Unit <alu1propagate> generated.


=========================================================================
*                           HDL Synthesis                               *
=========================================================================

Performing bidirectional port resolution...

Synthesizing Unit <alu1generate>.
    Related source file is "/vol/fob-vol7/mi18/heinetom/dslab/alu4/alu1generate.vhd".
Unit <alu1generate> synthesized.


Synthesizing Unit <alu1propagate>.
    Related source file is "/vol/fob-vol7/mi18/heinetom/dslab/alu4/alu1propagate.vhd".
Unit <alu1propagate> synthesized.


Synthesizing Unit <alu1>.
    Related source file is "/vol/fob-vol7/mi18/heinetom/dslab/alu4/alu1.vhd".
    Found 1-bit xor2 for signal <q$xor0000>.
Unit <alu1> synthesized.


Synthesizing Unit <alu4>.
    Related source file is "/vol/fob-vol7/mi18/heinetom/dslab/alu4/alu4.vhd".
WARNING:Xst:1306 - Output <Cn> is never assigned.
WARNING:Xst:647 - Input <Cin> is never used. This port will be preserved and left unconnected if it belongs to a top-level block or it belongs to a sub-block and the hierarchy of this sub-block is preserved.
WARNING:Xst:653 - Signal <C<0>> is used but never assigned. This sourceless signal will be automatically connected to value 0.
Unit <alu4> synthesized.


=========================================================================
HDL Synthesis Report

Macro Statistics
# Xors                                                 : 4
 1-bit xor2                                            : 4

=========================================================================

=========================================================================
*                       Advanced HDL Synthesis                          *
=========================================================================


=========================================================================
Advanced HDL Synthesis Report

Macro Statistics
# Xors                                                 : 4
 1-bit xor2                                            : 4

=========================================================================

=========================================================================
*                         Low Level Synthesis                           *
=========================================================================

Optimizing unit <alu4> ...

Mapping all equations...
Building and optimizing final netlist ...
Found area constraint ratio of 100 (+ 5) on block alu4, actual ratio is 0.

Final Macro Processing ...

=========================================================================
Final Register Report

Found no macro
=========================================================================

=========================================================================
*                           Partition Report                            *
=========================================================================

Partition Implementation Status
-------------------------------

  No Partitions were found in this design.

-------------------------------

=========================================================================
*                            Final Report                               *
=========================================================================
Final Results
RTL Top Level Output File Name     : alu4.ngr
Top Level Output File Name         : alu4
Output Format                      : NGC
Optimization Goal                  : Speed
Keep Hierarchy                     : No

Design Statistics
# IOs                              : 20

Cell Usage :
# BELS                             : 30
#      LUT3                        : 18
#      LUT4                        : 10
#      MUXF5                       : 2
# IO Buffers                       : 18
#      IBUF                        : 13
#      OBUF                        : 5
=========================================================================

Device utilization summary:
---------------------------

Selected Device : 3s500efg320-4 

 Number of Slices:                       16  out of   4656     0%  
 Number of 4 input LUTs:                 28  out of   9312     0%  
 Number of IOs:                          20
 Number of bonded IOBs:                  18  out of    232     7%  

---------------------------
Partition Resource Summary:
---------------------------

  No Partitions were found in this design.

---------------------------


=========================================================================
TIMING REPORT

NOTE: THESE TIMING NUMBERS ARE ONLY A SYNTHESIS ESTIMATE.
      FOR ACCURATE TIMING INFORMATION PLEASE REFER TO THE TRACE REPORT
      GENERATED AFTER PLACE-and-ROUTE.

Clock Information:
------------------
No clock signals found in this design

Asynchronous Control Signals Information:
----------------------------------------
No asynchronous control signals found in this design

Timing Summary:
---------------
Speed Grade: -4

   Minimum period: No path found
   Minimum input arrival time before clock: No path found
   Maximum output required time after clock: No path found
   Maximum combinational path delay: 13.882ns

Timing Detail:
--------------
All values displayed in nanoseconds (ns)

=========================================================================
Timing constraint: Default path analysis
  Total number of paths / destination ports: 162 / 5
-------------------------------------------------------------------------
Delay:               13.882ns (Levels of Logic = 10)
  Source:            BA (PAD)
  Destination:       Cout (PAD)

  Data Path: BA to Cout
                                Gate     Net
    Cell:in->out      fanout   Delay   Delay  Logical Name (Net Name)
    ----------------------------------------  ------------
     IBUF:I->O            10   1.218   0.961  BA_IBUF (BA_IBUF)
     LUT4:I1->O            1   0.704   0.000  schleife[0].bitspace/cout1 (schleife[0].bitspace/cout)
     MUXF5:I1->O           2   0.321   0.482  schleife[0].bitspace/cout_f5 (C<1>)
     LUT3:I2->O            1   0.704   0.424  schleife[1].bitspace/cout_SW0 (N111)
     LUT4:I3->O            2   0.704   0.526  schleife[1].bitspace/cout (C<2>)
     LUT3:I1->O            1   0.704   0.424  schleife[2].bitspace/cout_SW2 (N15)
     LUT4:I3->O            2   0.704   0.482  schleife[2].bitspace/cout (C<3>)
     LUT3:I2->O            1   0.704   0.424  schleife[3].bitspace/cout_SW2 (N13)
     LUT4:I3->O            1   0.704   0.420  schleife[3].bitspace/cout (Cout_OBUF)
     OBUF:I->O                 3.272          Cout_OBUF (Cout)
    ----------------------------------------
    Total                     13.882ns (9.739ns logic, 4.143ns route)
                                       (70.2% logic, 29.8% route)

=========================================================================


Total REAL time to Xst completion: 8.00 secs
Total CPU time to Xst completion: 7.72 secs
 
--> 


Total memory usage is 511240 kilobytes

Number of errors   :    0 (   0 filtered)
Number of warnings :    3 (   0 filtered)
Number of infos    :    0 (   0 filtered)

